# JRE version: Java(TM) SE Runtime Environment (8.0_221-b11) (build 1.8.0_221-b11)
# Java VM: Java HotSpot(TM) 64-Bit Server VM (25.221-b11 mixed mode windows-amd64 compressed oops)
Heap:
 PSYoungGen      total 365056K, used 282505K [0x0000000716b00000, 0x0000000732a00000, 0x00000007c0000000)
  eden space 344576K, 81% used [0x0000000716b00000,0x0000000727ee2720,0x000000072bb80000)
  from space 20480K, 0% used [0x000000072d000000,0x000000072d000000,0x000000072e400000)
  to   space 20992K, 0% used [0x000000072bb80000,0x000000072bb80000,0x000000072d000000)
 ParOldGen       total 435712K, used 26923K [0x00000005c4000000, 0x00000005de980000, 0x0000000716b00000)
  object space 435712K, 6% used [0x00000005c4000000,0x00000005c5a4acb8,0x00000005de980000)
 Metaspace       used 62608K, capacity 66950K, committed 67160K, reserved 1107968K
  class space    used 8270K, capacity 8991K, committed 9088K, reserved 1048576K
GC Heap History (10 events):
Event: 1.985 GC heap before
{Heap before GC invocations=7 (full 2):
 PSYoungGen      total 218112K, used 8456K [0x0000000716b00000, 0x000000072b080000, 0x00000007c0000000)
  eden space 196608K, 0% used [0x0000000716b00000,0x0000000716b00000,0x0000000722b00000)
  from space 21504K, 39% used [0x0000000722b00000,0x00000007233423a0,0x0000000724000000)
  to   space 15360K, 0% used [0x000000072a180000,0x000000072a180000,0x000000072b080000)
 ParOldGen       total 194560K, used 7452K [0x00000005c4000000, 0x00000005cfe00000, 0x0000000716b00000)
  object space 194560K, 3% used [0x00000005c4000000,0x00000005c47471b8,0x00000005cfe00000)
 Metaspace       used 33085K, capacity 35378K, committed 35456K, reserved 1079296K
  class space    used 4285K, capacity 4711K, committed 4736K, reserved 1048576K
Event: 2.026 GC heap after
Heap after GC invocations=7 (full 2):
 PSYoungGen      total 218112K, used 0K [0x0000000716b00000, 0x000000072b080000, 0x00000007c0000000)
  eden space 196608K, 0% used [0x0000000716b00000,0x0000000716b00000,0x0000000722b00000)
  from space 21504K, 0% used [0x0000000722b00000,0x0000000722b00000,0x0000000724000000)
  to   space 15360K, 0% used [0x000000072a180000,0x000000072a180000,0x000000072b080000)
 ParOldGen       total 312832K, used 13468K [0x00000005c4000000, 0x00000005d7180000, 0x0000000716b00000)
  object space 312832K, 4% used [0x00000005c4000000,0x00000005c4d272e8,0x00000005d7180000)
 Metaspace       used 33085K, capacity 35378K, committed 35456K, reserved 1079296K
  class space    used 4285K, capacity 4711K, committed 4736K, reserved 1048576K
}
Event: 4.038 GC heap before
{Heap before GC invocations=8 (full 2):
 PSYoungGen      total 218112K, used 196608K [0x0000000716b00000, 0x000000072b080000, 0x00000007c0000000)
  eden space 196608K, 100% used [0x0000000716b00000,0x0000000722b00000,0x0000000722b00000)
  from space 21504K, 0% used [0x0000000722b00000,0x0000000722b00000,0x0000000724000000)
  to   space 15360K, 0% used [0x000000072a180000,0x000000072a180000,0x000000072b080000)
 ParOldGen       total 312832K, used 13468K [0x00000005c4000000, 0x00000005d7180000, 0x0000000716b00000)
  object space 312832K, 4% used [0x00000005c4000000,0x00000005c4d272e8,0x00000005d7180000)
 Metaspace       used 41828K, capacity 44536K, committed 44800K, reserved 1087488K
  class space    used 5588K, capacity 6062K, committed 6144K, reserved 1048576K
Event: 4.045 GC heap after
Heap after GC invocations=8 (full 2):
 PSYoungGen      total 274432K, used 8897K [0x0000000716b00000, 0x000000072aa80000, 0x00000007c0000000)
  eden space 265216K, 0% used [0x0000000716b00000,0x0000000716b00000,0x0000000726e00000)
  from space 9216K, 96% used [0x000000072a180000,0x000000072aa30708,0x000000072aa80000)
  to   space 14848K, 0% used [0x0000000728d80000,0x0000000728d80000,0x0000000729c00000)
 ParOldGen       total 312832K, used 13540K [0x00000005c4000000, 0x00000005d7180000, 0x0000000716b00000)
  object space 312832K, 4% used [0x00000005c4000000,0x00000005c4d392f8,0x00000005d7180000)
 Metaspace       used 41828K, capacity 44536K, committed 44800K, reserved 1087488K
  class space    used 5588K, capacity 6062K, committed 6144K, reserved 1048576K
}
Event: 7.281 GC heap before
{Heap before GC invocations=9 (full 2):
 PSYoungGen      total 274432K, used 274113K [0x0000000716b00000, 0x000000072aa80000, 0x00000007c0000000)
  eden space 265216K, 100% used [0x0000000716b00000,0x0000000726e00000,0x0000000726e00000)
  from space 9216K, 96% used [0x000000072a180000,0x000000072aa30708,0x000000072aa80000)
  to   space 14848K, 0% used [0x0000000728d80000,0x0000000728d80000,0x0000000729c00000)
 ParOldGen       total 312832K, used 13540K [0x00000005c4000000, 0x00000005d7180000, 0x0000000716b00000)
  object space 312832K, 4% used [0x00000005c4000000,0x00000005c4d392f8,0x00000005d7180000)
 Metaspace       used 55277K, capacity 58408K, committed 58496K, reserved 1099776K
  class space    used 7228K, capacity 7798K, committed 7808K, reserved 1048576K
Event: 7.291 GC heap after
Heap after GC invocations=9 (full 2):
 PSYoungGen      total 312320K, used 14820K [0x0000000716b00000, 0x000000072e400000, 0x00000007c0000000)
  eden space 297472K, 0% used [0x0000000716b00000,0x0000000716b00000,0x0000000728d80000)
  from space 14848K, 99% used [0x0000000728d80000,0x0000000729bf91a8,0x0000000729c00000)
  to   space 20480K, 0% used [0x000000072d000000,0x000000072d000000,0x000000072e400000)
 ParOldGen       total 312832K, used 21478K [0x00000005c4000000, 0x00000005d7180000, 0x0000000716b00000)
  object space 312832K, 6% used [0x00000005c4000000,0x00000005c54f9b38,0x00000005d7180000)
 Metaspace       used 55277K, capacity 58408K, committed 58496K, reserved 1099776K
  class space    used 7228K, capacity 7798K, committed 7808K, reserved 1048576K
}
Event: 7.428 GC heap before
{Heap before GC invocations=10 (full 2):
 PSYoungGen      total 312320K, used 57114K [0x0000000716b00000, 0x000000072e400000, 0x00000007c0000000)
  eden space 297472K, 14% used [0x0000000716b00000,0x000000071944d9d8,0x0000000728d80000)
  from space 14848K, 99% used [0x0000000728d80000,0x0000000729bf91a8,0x0000000729c00000)
  to   space 20480K, 0% used [0x000000072d000000,0x000000072d000000,0x000000072e400000)
 ParOldGen       total 312832K, used 21478K [0x00000005c4000000, 0x00000005d7180000, 0x0000000716b00000)
  object space 312832K, 6% used [0x00000005c4000000,0x00000005c54f9b38,0x00000005d7180000)
 Metaspace       used 55846K, capacity 59020K, committed 59096K, reserved 1099776K
  class space    used 7324K, capacity 7894K, committed 7936K, reserved 1048576K
Event: 7.433 GC heap after
Heap after GC invocations=10 (full 2):
 PSYoungGen      total 365056K, used 15607K [0x0000000716b00000, 0x0000000732a00000, 0x00000007c0000000)
  eden space 344576K, 0% used [0x0000000716b00000,0x0000000716b00000,0x000000072bb80000)
  from space 20480K, 76% used [0x000000072d000000,0x000000072df3dfa8,0x000000072e400000)
  to   space 20992K, 0% used [0x000000072bb80000,0x000000072bb80000,0x000000072d000000)
 ParOldGen       total 312832K, used 21486K [0x00000005c4000000, 0x00000005d7180000, 0x0000000716b00000)
  object space 312832K, 6% used [0x00000005c4000000,0x00000005c54fbb38,0x00000005d7180000)
 Metaspace       used 55846K, capacity 59020K, committed 59096K, reserved 1099776K
  class space    used 7324K, capacity 7894K, committed 7936K, reserved 1048576K
}
Event: 7.433 GC heap before
{Heap before GC invocations=11 (full 3):
 PSYoungGen      total 365056K, used 15607K [0x0000000716b00000, 0x0000000732a00000, 0x00000007c0000000)
  eden space 344576K, 0% used [0x0000000716b00000,0x0000000716b00000,0x000000072bb80000)
  from space 20480K, 76% used [0x000000072d000000,0x000000072df3dfa8,0x000000072e400000)
  to   space 20992K, 0% used [0x000000072bb80000,0x000000072bb80000,0x000000072d000000)
 ParOldGen       total 312832K, used 21486K [0x00000005c4000000, 0x00000005d7180000, 0x0000000716b00000)
  object space 312832K, 6% used [0x00000005c4000000,0x00000005c54fbb38,0x00000005d7180000)
 Metaspace       used 55846K, capacity 59020K, committed 59096K, reserved 1099776K
  class space    used 7324K, capacity 7894K, committed 7936K, reserved 1048576K
Event: 7.547 GC heap after
Heap after GC invocations=11 (full 3):
 PSYoungGen      total 365056K, used 0K [0x0000000716b00000, 0x0000000732a00000, 0x00000007c0000000)
  eden space 344576K, 0% used [0x0000000716b00000,0x0000000716b00000,0x000000072bb80000)
  from space 20480K, 0% used [0x000000072d000000,0x000000072d000000,0x000000072e400000)
  to   space 20992K, 0% used [0x000000072bb80000,0x000000072bb80000,0x000000072d000000)
 ParOldGen       total 435712K, used 26923K [0x00000005c4000000, 0x00000005de980000, 0x0000000716b00000)
  object space 435712K, 6% used [0x00000005c4000000,0x00000005c5a4acb8,0x00000005de980000)
 Metaspace       used 55842K, capacity 59008K, committed 59096K, reserved 1099776K
  class space    used 7323K, capacity 7892K, committed 7936K, reserved 1048576K
}

